C51 COMPILER V9.60.0.0   MAIN                                                              05/20/2022 12:09:54 PAGE 1   


C51 COMPILER V9.60.0.0, COMPILATION OF MODULE MAIN
OBJECT MODULE PLACED IN .\Objects\main.obj
COMPILER INVOKED BY: C:\Keil_v5\C51\BIN\C51.EXE main.c OPTIMIZE(8,SPEED) BROWSE DEBUG OBJECTEXTEND PRINT(.\Listings\main
                    -.lst) TABS(2) OBJECT(.\Objects\main.obj)

line level    source

   1          #include <reg51.h>
   2          #include <stdio.h>
   3          
   4          unsigned int ziffer[] = {0, 8, 1, 5};
   5          int interruptCount;
   6          int index = 0;
   7          int count;
   8          sbit impuls = P2^0;
   9          sbit schalter = P2^1;
  10          sbit end = P2^2;
  11          
  12          void init() {
  13   1        TMOD = 0x10;
  14   1        IE = 0x88;
  15   1        P2 = 0;
  16   1      }
  17          
  18          void timerInterrupt() interrupt 3
  19          {
  20   1        TR1 = 0; // stoppt den timer
  21   1        TH1 = 0x3C;         // 50 ms
  22   1        TL1 = 0xB0;
  23   1        interruptCount++;
  24   1        TR1 = 1; // startet den timer
  25   1      }
  26          
  27          void delay(float seconds)
  28          {
  29   1        TR1 = 1; // startet den timer
  30   1        while (interruptCount < seconds * 20);
  31   1        interruptCount = 0;
  32   1        TR1 = 0; // stoppt den timer
  33   1      }
  34          
  35          void main() {
  36   1        init();
  37   1        while (!end) {
  38   2          while(schalter == 0 || P1 == 0xFF);
  39   2          if (ziffer[index] == 0)
  40   2            count = 10;
  41   2          else
  42   2            count = ziffer[index];
  43   2          count = count * 2;
  44   2        
  45   2          for (;count > 0; count--)
  46   2          {
  47   3            impuls = 0;
  48   3            delay(0.2);
  49   3            impuls = 1;
  50   3            delay(0.2);
  51   3          }
  52   2          index++;
  53   2            if (index == 4)
  54   2              end = 1;
C51 COMPILER V9.60.0.0   MAIN                                                              05/20/2022 12:09:54 PAGE 2   

  55   2          while(1);
  56   2        }
  57   1      }
  58          
  59          
  60          


MODULE INFORMATION:   STATIC OVERLAYABLE
   CODE SIZE        =    218    ----
   CONSTANT SIZE    =   ----    ----
   XDATA SIZE       =   ----    ----
   PDATA SIZE       =   ----    ----
   DATA SIZE        =     14       4
   IDATA SIZE       =   ----    ----
   BIT SIZE         =   ----    ----
END OF MODULE INFORMATION.


C51 COMPILATION COMPLETE.  0 WARNING(S),  0 ERROR(S)
