C51 COMPILER V9.60.0.0   MAIN                                                              12/16/2021 12:23:55 PAGE 1   


C51 COMPILER V9.60.0.0, COMPILATION OF MODULE MAIN
OBJECT MODULE PLACED IN .\Objects\main.obj
COMPILER INVOKED BY: C:\Keil_v5\C51\BIN\C51.EXE main.c OPTIMIZE(8,SPEED) BROWSE DEBUG OBJECTEXTEND PRINT(.\Listings\main
                    -.lst) TABS(2) OBJECT(.\Objects\main.obj)

line level    source

   1          /* 
   2           * Created:   Mi Nov 17 2021
   3           * Processor: 80C31
   4           * Compiler:  Keil for 8051
   5           */
   6          
   7          #include <reg51.h>
   8          #include <stdio.h>
   9          
  10          sfr input = 0x90;
  11          sfr output = 0xA0;
  12          unsigned int tic = 0;
  13          unsigned int value = 128;
  14          
  15          void ti() interrupt 3
  16          {
  17   1        TR1 = 0;
  18   1        TH1 = 0x3C;
  19   1        TL1 = 0xB0;
  20   1        tic++;
  21   1        TR1 = 1;
  22   1      }
  23          
  24          void init()
  25          {
  26   1        TMOD = 0x10;
  27   1        IE = 0x88;
  28   1        TH1 = 0x3C;
  29   1        TL1 = 0xB0;
  30   1      }
  31          
  32          void delay(unsigned int seconds)
  33          {
  34   1        TR1 = 1;
  35   1        while(tic < seconds*20);
  36   1        tic = 0;
  37   1        TR1 = 0;
  38   1      }
  39          
  40          void main()
  41          {
  42   1        init();
  43   1        while(1)
  44   1        {
  45   2          //vorgegebene versoin mitels switch case (vereinfachung von if)
  46   2          /*
  47   2          switch(input)
  48   2          {
  49   2            case 1: value -= 2; break;
  50   2            case 2: value -= 1; break;
  51   2            case 4: value += 1; break;
  52   2            case 8: value += 2; break;
  53   2          }
  54   2          */
C51 COMPILER V9.60.0.0   MAIN                                                              12/16/2021 12:23:55 PAGE 2   

  55   2          
  56   2          //unsere version mitels funktion
  57   2          value += (input*(-516+input*(364+input*(-77+5*input)))/112)*(!(input&(input-1)));
  58   2      
  59   2          
  60   2          
  61   2          value = value > 255 ? 255:value; //makes value <= 255
  62   2          output = 1 << ((value>30) + (value>100) + (value>155) + (value>225));
  63   2          delay(1);
  64   2        }
  65   1      }


MODULE INFORMATION:   STATIC OVERLAYABLE
   CODE SIZE        =    278    ----
   CONSTANT SIZE    =   ----    ----
   XDATA SIZE       =   ----    ----
   PDATA SIZE       =   ----    ----
   DATA SIZE        =      4    ----
   IDATA SIZE       =   ----    ----
   BIT SIZE         =   ----    ----
END OF MODULE INFORMATION.


C51 COMPILATION COMPLETE.  0 WARNING(S),  0 ERROR(S)
