C51 COMPILER V9.60.0.0   MAIN                                                              05/20/2022 21:28:16 PAGE 1   


C51 COMPILER V9.60.0.0, COMPILATION OF MODULE MAIN
OBJECT MODULE PLACED IN .\Objects\main.obj
COMPILER INVOKED BY: C:\Keil_v5\C51\BIN\C51.EXE main.c OPTIMIZE(8,SPEED) BROWSE DEBUG OBJECTEXTEND PRINT(.\Listings\main
                    -.lst) TABS(2) OBJECT(.\Objects\main.obj)

line level    source

   1          #include <reg51.h>
   2          #include <stdio.h>
   3          
   4          unsigned int ziffer[] = {0, 8, 1, 5};
   5          int interruptCount;
   6          int index = 0;
   7          int count;
   8          sbit impuls = P2^0;
   9          sbit schalter = P2^1;
  10          sbit end = P2^2;
  11          
  12          void init() {
  13   1        TMOD = 0x10;
  14   1        IE = 0x88;
  15   1        P2 = 0;
  16   1      }
  17          
  18          void timerInterrupt() interrupt 3
  19          {
  20   1        TR1 = 0; // stoppt den timer
  21   1        TH1 = 0x3C;         // 50 ms
  22   1        TL1 = 0xB0;
  23   1        interruptCount++;
  24   1        TR1 = 1; // startet den timer
  25   1      }
  26          
  27          void delay(int ms_50)
  28          {
  29   1        TR1 = 1; // startet den timer
  30   1        while (interruptCount < ms_50);
  31   1        interruptCount = 0;
  32   1        TR1 = 0; // stoppt den timer
  33   1      }
  34          
  35          void make_impuls(int ms_50)
  36          {
  37   1        impuls = 1;
  38   1        delay(ms_50);
  39   1        impuls = 0;
  40   1        delay(ms_50);
  41   1      }
  42          
  43          void main() {
  44   1        init();
  45   1        while(schalter == 0 || P1 == 0xFF);
  46   1        for (index = 0; index < 4; index++)
  47   1        {
  48   2          if (ziffer[index] == 0)
  49   2            count = 10;
  50   2          else
  51   2            count = ziffer[index];
  52   2          
  53   2          for (;count > 0; count--)
  54   2            make_impuls(1);
C51 COMPILER V9.60.0.0   MAIN                                                              05/20/2022 21:28:16 PAGE 2   

  55   2          make_impuls(4);
  56   2        }
  57   1        end = 1;
  58   1        while(1);
  59   1      }
  60          
  61          
  62          


MODULE INFORMATION:   STATIC OVERLAYABLE
   CODE SIZE        =    175    ----
   CONSTANT SIZE    =   ----    ----
   XDATA SIZE       =   ----    ----
   PDATA SIZE       =   ----    ----
   DATA SIZE        =     14    ----
   IDATA SIZE       =   ----    ----
   BIT SIZE         =   ----    ----
END OF MODULE INFORMATION.


C51 COMPILATION COMPLETE.  0 WARNING(S),  0 ERROR(S)
