C51 COMPILER V9.60.0.0   BLINKLICHT                                                        12/05/2021 19:59:59 PAGE 1   


C51 COMPILER V9.60.0.0, COMPILATION OF MODULE BLINKLICHT
OBJECT MODULE PLACED IN .\Objects\Blinklicht.obj
COMPILER INVOKED BY: C:\Keil_v5\C51\BIN\C51.EXE Blinklicht.c OPTIMIZE(8,SPEED) BROWSE DEBUG OBJECTEXTEND PRINT(.\Listing
                    -s\Blinklicht.lst) TABS(2) OBJECT(.\Objects\Blinklicht.obj)

line level    source

   1          #include <reg51.h>
   2          #include <stdio.h>
   3          
   4          sbit LED = P1^0;
   5          
   6          //LED blinken
   7          void Aufgabe1() 
   8          {
   9   1        while(1)
  10   1        {
  11   2          LED = ~LED;
  12   2        }
  13   1      }
  14          
  15          
  16          //LED blinken mit code als gemeinsamer Block
  17          void Aufgabe2a()  
  18          {
  19   1        unsigned int i;
  20   1        TMOD = 0x10; // timer 1 mode 1
  21   1        
  22   1        while(1)
  23   1        {
  24   2          LED = ~LED;  
  25   2         
  26   2          for (i = 0; i < 20; i++) // delay of 1 second
  27   2          {
  28   3              // 0x3CB0: 50 ms timer
  29   3              TH1 = 0x3C; // set timer high flag
  30   3              TL1 = 0xB0; // set timer low flag
  31   3      
  32   3              TR1 = 1; // start timer
  33   3       
  34   3              while (~TF1) { } // wait until timer finished
  35   3       
  36   3              TR1 = 0; // stop timer
  37   3              TF1 = 0; // reset timer flag
  38   3          }
  39   2        }
  40   1      }
  41          
  42          
  43          //Delay zu 2b und 3
  44          void Delay(unsigned int seconds)
  45          {
  46   1          unsigned int i;
  47   1        
  48   1          TMOD = 0x10; // timer 1 mode 1
  49   1         
  50   1          for (; seconds > 0; seconds--)
  51   1          {
  52   2              for (i = 0; i < 20; i++) // delay of 1 second
  53   2              {
  54   3                  // 0x3CB0: 50 ms timer
C51 COMPILER V9.60.0.0   BLINKLICHT                                                        12/05/2021 19:59:59 PAGE 2   

  55   3                  TH1 = 0x3C; // set timer high flag
  56   3                  TL1 = 0xB0; // set timer low flag
  57   3      
  58   3                  TR1 = 1; // start timer
  59   3           
  60   3                  while (~TF1) { } // wait until timer finished
  61   3           
  62   3                  TR1 = 0; // stop timer
  63   3                  TF1 = 0; // reset timer flag
  64   3              }
  65   2          }
  66   1      }
  67          
  68          
  69          //LED blinken mit code modular aufgebaut
  70          void Aufgabe2b()
  71          { 
  72   1        while(1)
  73   1        {
  74   2          LED = ~LED;  
  75   2          Delay(1);
  76   2        }
  77   1      }
  78          
  79          
  80          //Bitmuster tauschen
  81          void Aufgabe3()
  82          {
  83   1        int bit1 = 0x70;
  84   1        int bit2 = 0xB7;
  85   1        
  86   1        while(1)
  87   1        {
  88   2          P2 = bit1;
  89   2          Delay(2);
  90   2          P2 = bit2;
  91   2          Delay(2);
  92   2        }
  93   1      }
  94          
  95          
  96          void main()
  97          {
  98   1        //Aufgabe1();
  99   1        //Aufgabe2a();
 100   1        //Aufgabe2b();
 101   1        Aufgabe3();
 102   1      }


MODULE INFORMATION:   STATIC OVERLAYABLE
   CODE SIZE        =    135    ----
   CONSTANT SIZE    =   ----    ----
   XDATA SIZE       =   ----    ----
   PDATA SIZE       =   ----    ----
   DATA SIZE        =   ----    ----
   IDATA SIZE       =   ----    ----
   BIT SIZE         =   ----    ----
END OF MODULE INFORMATION.


C51 COMPILATION COMPLETE.  0 WARNING(S),  0 ERROR(S)
