C51 COMPILER V9.60.0.0   MAIN                                                              01/09/2022 21:06:50 PAGE 1   


C51 COMPILER V9.60.0.0, COMPILATION OF MODULE MAIN
OBJECT MODULE PLACED IN .\Objects\main.obj
COMPILER INVOKED BY: C:\Keil_v5\C51\BIN\C51.EXE main.c OPTIMIZE(8,SPEED) BROWSE DEBUG OBJECTEXTEND PRINT(.\Listings\main
                    -.lst) TABS(2) OBJECT(.\Objects\main.obj)

line level    source

   1          #include <reg51.h>
   2          #include <stdio.h>
   3          
   4          int table[] =
   5          {
   6            0x00,
   7            0x80,
   8            0xC0,
   9            0xE0,
  10            0xF0,
  11            0xF8,
  12            0xFC,
  13            0xFE,
  14            0xFF,
  15            0xFE,
  16            0xFC,
  17            0xF8,
  18            0xF0,
  19            0xE0,
  20            0xC0,
  21            0x80
  22          };
  23          
  24          int interruptCount;
  25          
  26          void timerInterrupt() interrupt 3
  27          {
  28   1        TR1 = 0; // stoppt den timer
  29   1        // 50 ms
  30   1        TH1 = 0x3C;         
  31   1        TL1 = 0xB0;
  32   1        
  33   1        interruptCount++;
  34   1        
  35   1        TR1 = 1; // startet den timer
  36   1      }
  37          
  38          void init()
  39          {
  40   1        TMOD = 0x10;    // timer 1 modus 1
  41   1        IE = 0x88;      // setzt die bits EA & ET1
  42   1        // 50 ms
  43   1        TH1 = 0x3C;
  44   1        TL1 = 0xB0;
  45   1      }
  46          
  47          void delay(unsigned int seconds)
  48          {
  49   1        TR1 = 1; // startet den timer
  50   1        while (interruptCount < seconds * 20);
  51   1        interruptCount = 0;
  52   1        TR1 = 0; // stoppt den timer
  53   1      }
  54          
C51 COMPILER V9.60.0.0   MAIN                                                              01/09/2022 21:06:50 PAGE 2   

  55          void Main()
  56          {
  57   1        int i;
  58   1        init();
  59   1        while(1)
  60   1        {
  61   2          for(i = 0; i < 16; i++)
  62   2          {
  63   3            P2 = table[i];
  64   3            delay(2);
  65   3          }
  66   2        }
  67   1      }


MODULE INFORMATION:   STATIC OVERLAYABLE
   CODE SIZE        =    106    ----
   CONSTANT SIZE    =   ----    ----
   XDATA SIZE       =   ----    ----
   PDATA SIZE       =   ----    ----
   DATA SIZE        =     34    ----
   IDATA SIZE       =   ----    ----
   BIT SIZE         =   ----    ----
END OF MODULE INFORMATION.


C51 COMPILATION COMPLETE.  0 WARNING(S),  0 ERROR(S)
