C51 COMPILER V9.56.0.0   MAIN                                                              01/17/2022 13:49:39 PAGE 1   


C51 COMPILER V9.56.0.0, COMPILATION OF MODULE MAIN
OBJECT MODULE PLACED IN .\Objects\main.obj
COMPILER INVOKED BY: C:\Keil_v5\C51\BIN\C51.EXE main.c OPTIMIZE(8,SPEED) BROWSE DEBUG OBJECTEXTEND PRINT(.\Listings\main
                    -.lst) TABS(2) OBJECT(.\Objects\main.obj)

line level    source

   1          #include <reg51.h>
   2          #include <stdio.h>
   3          
   4          int table[] =
   5          {
   6            0x00,
   7            0x80,
   8            0xC0,
   9            0xE0,
  10            0xF0,
  11            0xF8,
  12            0xFC,
  13            0xFE,
  14            0xFF,
  15            0xFE,
  16            0xFC,
  17            0xF8,
  18            0xF0,
  19            0xE0,
  20            0xC0,
  21            0x80
  22          };
  23          
  24          void init()
  25          {
  26   1        TMOD = 0x10;    // timer 1 modus 1
  27   1      }
  28          
  29          void Delay(unsigned int seconds)
  30          {
  31   1        unsigned int i;
  32   1         
  33   1          for (; seconds > 0; seconds--)
  34   1          {
  35   2              for (i = 0; i < 20; i++) // delay of 1 second
  36   2              {
  37   3                  // 0x3CB0: 50 ms timer
  38   3                  TH1 = 0x3C; // set timer high flag
  39   3                  TL1 = 0xB0; // set timer low flag
  40   3      
  41   3                  TR1 = 1; // start timer
  42   3           
  43   3                  while (~TF1); // wait until timer finished
  44   3           
  45   3                  TR1 = 0; // stop timer
  46   3                  TF1 = 0; // reset timer flag
  47   3              }
  48   2          }
  49   1      }
  50          
  51          void Main()
  52          {
  53   1        int i;
  54   1        init();
C51 COMPILER V9.56.0.0   MAIN                                                              01/17/2022 13:49:39 PAGE 2   

  55   1        while(1)
  56   1        {
  57   2          for(i = 0; i < 16; i++)
  58   2          {
  59   3            P2 = table[i];
  60   3            Delay(2);
  61   3          }
  62   2        }
  63   1      }


MODULE INFORMATION:   STATIC OVERLAYABLE
   CODE SIZE        =     88    ----
   CONSTANT SIZE    =   ----    ----
   XDATA SIZE       =   ----    ----
   PDATA SIZE       =   ----    ----
   DATA SIZE        =     32    ----
   IDATA SIZE       =   ----    ----
   BIT SIZE         =   ----    ----
END OF MODULE INFORMATION.


C51 COMPILATION COMPLETE.  0 WARNING(S),  0 ERROR(S)
